<?xml version="1.0" encoding="UTF-8"?>
<testng-results ignored="0" total="1" passed="1" failed="0" skipped="0">
  <reporter-output>
  </reporter-output>
  <suite started-at="2025-09-06T16:09:44 IST" name="Surefire suite" finished-at="2025-09-06T16:10:39 IST" duration-ms="54740">
    <groups>
    </groups>
    <test started-at="2025-09-06T16:09:44 IST" name="Surefire test" finished-at="2025-09-06T16:10:39 IST" duration-ms="54740">
      <class name="com.janitri.LoginTest">
        <test-method is-config="true" signature="setUp()[pri:0, instance:com.janitri.LoginTest@1a04f701]" started-at="2025-09-06T16:09:44 IST" name="setUp" finished-at="2025-09-06T16:10:29 IST" duration-ms="45107" status="PASS">
          <reporter-output>
          </reporter-output>
        </test-method> <!-- setUp -->
        <test-method signature="testLogin()[pri:0, instance:com.janitri.LoginTest@1a04f701]" started-at="2025-09-06T16:10:29 IST" name="testLogin" finished-at="2025-09-06T16:10:38 IST" duration-ms="8914" status="PASS">
          <reporter-output>
          </reporter-output>
        </test-method> <!-- testLogin -->
        <test-method is-config="true" signature="tearDown()[pri:0, instance:com.janitri.LoginTest@1a04f701]" started-at="2025-09-06T16:10:38 IST" name="tearDown" finished-at="2025-09-06T16:10:39 IST" duration-ms="650" status="PASS">
          <reporter-output>
          </reporter-output>
        </test-method> <!-- tearDown -->
      </class> <!-- com.janitri.LoginTest -->
    </test> <!-- Surefire test -->
  </suite> <!-- Surefire suite -->
</testng-results>
